<?xml version="1.0" encoding="UTF-8"?>
<!-- Generated by org.testng.reporters.JUnitReportReporter -->
<testsuite hostname="DESKTOP-KS31E4N" failures="0" tests="2" name="TestNgPractice.YahooMailTest" time="0.012" errors="0" timestamp="2022-02-23T18:32:37 IST" skipped="0">
  <testcase classname="TestNgPractice.YahooMailTest" name="composeMailTest" time="0.009"/>
  <system-out/>
  <testcase classname="TestNgPractice.YahooMailTest" name="DeleteMail" time="0.003"/>
  <system-out/>
</testsuite> <!-- TestNgPractice.YahooMailTest -->
